<?xml version="1.0" encoding="UTF-8"?>
<!-- Generated by org.testng.reporters.JUnitReportReporter -->
<testsuite hostname="HP" failures="0" tests="6" name="com.crm.actiTime.seleniumMavenFramework.testNG.DemoTestNG" time="0.045" errors="0" timestamp="2022-07-09T12:50:07 IST" skipped="0">
  <testcase classname="com.crm.actiTime.seleniumMavenFramework.testNG.DemoTestNG" name="B" time="0.016"/>
  <system-out/>
  <testcase classname="com.crm.actiTime.seleniumMavenFramework.testNG.DemoTestNG" name="C" time="0.003"/>
  <system-out/>
  <testcase classname="com.crm.actiTime.seleniumMavenFramework.testNG.DemoTestNG" name="A" time="0.005"/>
  <system-out/>
  <testcase classname="com.crm.actiTime.seleniumMavenFramework.testNG.DemoTestNG" name="A" time="0.005"/>
  <system-out/>
  <testcase classname="com.crm.actiTime.seleniumMavenFramework.testNG.DemoTestNG" name="A" time="0.013"/>
  <system-out/>
  <testcase classname="com.crm.actiTime.seleniumMavenFramework.testNG.DemoTestNG" name="A" time="0.003"/>
  <system-out/>
</testsuite> <!-- com.crm.actiTime.seleniumMavenFramework.testNG.DemoTestNG -->
