<?xml version="1.0" encoding="UTF-8"?>
<!-- Generated by org.testng.reporters.JUnitReportReporter -->
<testsuite hostname="HP" failures="0" tests="3" name="com.crm.actiTime.seleniumMavenFramework.testNG.TESTStestng" time="0.020" errors="0" timestamp="2022-07-09T20:55:28 IST" skipped="0">
  <testcase classname="com.crm.actiTime.seleniumMavenFramework.testNG.TESTStestng" name="tc1" time="0.003"/>
  <system-out/>
  <testcase classname="com.crm.actiTime.seleniumMavenFramework.testNG.TESTStestng" name="tc1" time="0.002"/>
  <system-out/>
  <testcase classname="com.crm.actiTime.seleniumMavenFramework.testNG.TESTStestng" name="tc1" time="0.015"/>
  <system-out/>
</testsuite> <!-- com.crm.actiTime.seleniumMavenFramework.testNG.TESTStestng -->
