<?xml version="1.0" encoding="UTF-8"?>
<!-- Generated by org.testng.reporters.JUnitReportReporter -->
<testsuite hostname="HP" failures="0" tests="1" name="com.crm.actiTime.seleniumMavenFramework.testNG.ddgdfbf" time="1.499" errors="0" timestamp="2022-07-15T11:37:45 IST" skipped="0">
  <testcase classname="com.crm.actiTime.seleniumMavenFramework.testNG.ddgdfbf" name="tc" time="1.499"/>
  <system-out/>
</testsuite> <!-- com.crm.actiTime.seleniumMavenFramework.testNG.ddgdfbf -->
