<?xml version="1.0" encoding="UTF-8"?>
<!-- Generated by org.testng.reporters.JUnitReportReporter -->
<testsuite hostname="HP" failures="0" tests="5" name="com.crm.actiTime.seleniumMavenFramework.testNG.ToPerformGroupExecution" time="0.027" errors="0" timestamp="2022-07-09T20:54:28 IST" skipped="0">
  <testcase classname="com.crm.actiTime.seleniumMavenFramework.testNG.ToPerformGroupExecution" name="addTocart" time="0.015"/>
  <system-out/>
  <testcase classname="com.crm.actiTime.seleniumMavenFramework.testNG.ToPerformGroupExecution" name="login" time="0.002"/>
  <system-out/>
  <testcase classname="com.crm.actiTime.seleniumMavenFramework.testNG.ToPerformGroupExecution" name="logout" time="0.003"/>
  <system-out/>
  <testcase classname="com.crm.actiTime.seleniumMavenFramework.testNG.ToPerformGroupExecution" name="selectProduct" time="0.003"/>
  <system-out/>
  <testcase classname="com.crm.actiTime.seleniumMavenFramework.testNG.ToPerformGroupExecution" name="payment" time="0.004"/>
  <system-out/>
</testsuite> <!-- com.crm.actiTime.seleniumMavenFramework.testNG.ToPerformGroupExecution -->
