<?xml version="1.0" encoding="UTF-8"?>
<!-- Generated by org.testng.reporters.JUnitReportReporter -->
<testsuite hostname="HP" failures="0" tests="2" name="com.crm.actiTime.seleniumMavenFramework.testNG.DemoModuleTest" time="0.020" errors="0" timestamp="2022-07-11T16:34:00 IST" skipped="0">
  <testcase classname="com.crm.actiTime.seleniumMavenFramework.testNG.DemoModuleTest" name="demoTestCaseTest1" time="0.017"/>
  <system-out/>
  <testcase classname="com.crm.actiTime.seleniumMavenFramework.testNG.DemoModuleTest" name="demoTestCaseTest2" time="0.003"/>
  <system-out/>
</testsuite> <!-- com.crm.actiTime.seleniumMavenFramework.testNG.DemoModuleTest -->
