<?xml version="1.0" encoding="UTF-8"?>
<!-- Generated by org.testng.reporters.JUnitReportReporter -->
<testsuite hostname="HP" failures="0" tests="1" name="ITestListner.ListenerClass" time="0.014" errors="0" timestamp="2022-07-05T13:08:40 IST" skipped="1">
  <testcase classname="ITestListner.ListenerClass" name="Test_Skipped" time="0.014">
    <skipped/>
  </testcase> <!-- Test_Skipped -->
  <system-out/>
</testsuite> <!-- ITestListner.ListenerClass -->
