<?xml version="1.0" encoding="UTF-8"?>
<!-- Generated by org.testng.reporters.JUnitReportReporter -->
<testsuite hostname="HP" failures="0" tests="3" name="com.crm.actiTime.seleniumMavenFramework.testNG.SElectedProduct" time="0.019" errors="0" timestamp="2022-07-09T20:55:57 IST" skipped="0">
  <testcase classname="com.crm.actiTime.seleniumMavenFramework.testNG.SElectedProduct" name="payment" time="0.002"/>
  <system-out/>
  <testcase classname="com.crm.actiTime.seleniumMavenFramework.testNG.SElectedProduct" name="cart" time="0.002"/>
  <system-out/>
  <testcase classname="com.crm.actiTime.seleniumMavenFramework.testNG.SElectedProduct" name="product" time="0.015"/>
  <system-out/>
</testsuite> <!-- com.crm.actiTime.seleniumMavenFramework.testNG.SElectedProduct -->
